2025-02-18 09:07:16.210 [info] Extension host with pid 689 started
2025-02-18 09:07:16.210 [error] Error: EEXIST: file already exists, open '/config/data/User/workspaceStorage/2de6c735/vscode.lock'
2025-02-18 09:07:16.213 [info] Lock '/config/data/User/workspaceStorage/2de6c735/vscode.lock': Could not acquire lock, checking if the file is stale.
2025-02-18 09:07:16.217 [info] Lock '/config/data/User/workspaceStorage/2de6c735/vscode.lock': The pid 1072 appears to be gone.
2025-02-18 09:07:16.217 [info] Lock '/config/data/User/workspaceStorage/2de6c735/vscode.lock': Deleting a stale lock.
2025-02-18 09:07:16.224 [info] Lock '/config/data/User/workspaceStorage/2de6c735/vscode.lock': Lock acquired.
2025-02-18 09:07:16.575 [info] ExtensionService#_doActivateExtension vscode.git-base, startup: true, activationEvent: '*', root cause: vscode.git
2025-02-18 09:07:16.760 [info] ExtensionService#_doActivateExtension vscode.git, startup: true, activationEvent: '*'
2025-02-18 09:07:16.760 [info] ExtensionService#_doActivateExtension vscode.github, startup: true, activationEvent: '*'
2025-02-18 09:07:17.207 [info] Eager extensions activated
2025-02-18 09:07:17.208 [info] ExtensionService#_doActivateExtension vscode.debug-auto-launch, startup: false, activationEvent: 'onStartupFinished'
2025-02-18 09:07:17.208 [info] ExtensionService#_doActivateExtension vscode.merge-conflict, startup: false, activationEvent: 'onStartupFinished'
2025-02-18 09:07:17.315 [info] Extension host terminating: received terminate message from renderer
2025-02-18 09:07:17.317 [info] Lock '/config/data/User/workspaceStorage/2de6c735/vscode.lock': Marking the lockfile as scheduled to be released in 6000 ms.
2025-02-18 09:07:17.336 [error] Canceled: Canceled
	at Fc (file:///app/code-server/lib/vscode/out/vs/workbench/api/node/extensionHostProcess.js:7:1122)
	at file:///app/code-server/lib/vscode/out/vs/workbench/api/node/extensionHostProcess.js:32:116109
	at Array.forEach (<anonymous>)
	at Py.dispose (file:///app/code-server/lib/vscode/out/vs/workbench/api/node/extensionHostProcess.js:32:116049)
	at Vz.terminate (file:///app/code-server/lib/vscode/out/vs/workbench/api/node/extensionHostProcess.js:119:10082)
	at Q3.terminate (file:///app/code-server/lib/vscode/out/vs/workbench/api/node/extensionHostProcess.js:120:1424)
	at Ki (file:///app/code-server/lib/vscode/out/vs/workbench/api/node/extensionHostProcess.js:175:15081)
	at kh.value (file:///app/code-server/lib/vscode/out/vs/workbench/api/node/extensionHostProcess.js:175:13241)
	at D.B (file:///app/code-server/lib/vscode/out/vs/workbench/api/node/extensionHostProcess.js:30:746)
	at D.fire (file:///app/code-server/lib/vscode/out/vs/workbench/api/node/extensionHostProcess.js:30:964)
	at Vn.fire (file:///app/code-server/lib/vscode/out/vs/workbench/api/node/extensionHostProcess.js:32:9457)
	at Wm.A (file:///app/code-server/lib/vscode/out/vs/workbench/api/node/extensionHostProcess.js:32:12573)
	at kh.value (file:///app/code-server/lib/vscode/out/vs/workbench/api/node/extensionHostProcess.js:32:10993)
	at D.B (file:///app/code-server/lib/vscode/out/vs/workbench/api/node/extensionHostProcess.js:30:746)
	at D.fire (file:///app/code-server/lib/vscode/out/vs/workbench/api/node/extensionHostProcess.js:30:964)
	at s6.acceptChunk (file:///app/code-server/lib/vscode/out/vs/workbench/api/node/extensionHostProcess.js:32:7940)
	at kh.value (file:///app/code-server/lib/vscode/out/vs/workbench/api/node/extensionHostProcess.js:32:7226)
	at D.B (file:///app/code-server/lib/vscode/out/vs/workbench/api/node/extensionHostProcess.js:30:746)
	at D.fire (file:///app/code-server/lib/vscode/out/vs/workbench/api/node/extensionHostProcess.js:30:964)
	at wA.z (file:///app/code-server/lib/vscode/out/vs/workbench/api/node/extensionHostProcess.js:32:21924) setContext undefined
2025-02-18 09:07:17.338 [error] Canceled: Canceled
	at Fc (file:///app/code-server/lib/vscode/out/vs/workbench/api/node/extensionHostProcess.js:7:1122)
	at file:///app/code-server/lib/vscode/out/vs/workbench/api/node/extensionHostProcess.js:32:116109
	at Array.forEach (<anonymous>)
	at Py.dispose (file:///app/code-server/lib/vscode/out/vs/workbench/api/node/extensionHostProcess.js:32:116049)
	at Vz.terminate (file:///app/code-server/lib/vscode/out/vs/workbench/api/node/extensionHostProcess.js:119:10082)
	at Q3.terminate (file:///app/code-server/lib/vscode/out/vs/workbench/api/node/extensionHostProcess.js:120:1424)
	at Ki (file:///app/code-server/lib/vscode/out/vs/workbench/api/node/extensionHostProcess.js:175:15081)
	at kh.value (file:///app/code-server/lib/vscode/out/vs/workbench/api/node/extensionHostProcess.js:175:13241)
	at D.B (file:///app/code-server/lib/vscode/out/vs/workbench/api/node/extensionHostProcess.js:30:746)
	at D.fire (file:///app/code-server/lib/vscode/out/vs/workbench/api/node/extensionHostProcess.js:30:964)
	at Vn.fire (file:///app/code-server/lib/vscode/out/vs/workbench/api/node/extensionHostProcess.js:32:9457)
	at Wm.A (file:///app/code-server/lib/vscode/out/vs/workbench/api/node/extensionHostProcess.js:32:12573)
	at kh.value (file:///app/code-server/lib/vscode/out/vs/workbench/api/node/extensionHostProcess.js:32:10993)
	at D.B (file:///app/code-server/lib/vscode/out/vs/workbench/api/node/extensionHostProcess.js:30:746)
	at D.fire (file:///app/code-server/lib/vscode/out/vs/workbench/api/node/extensionHostProcess.js:30:964)
	at s6.acceptChunk (file:///app/code-server/lib/vscode/out/vs/workbench/api/node/extensionHostProcess.js:32:7940)
	at kh.value (file:///app/code-server/lib/vscode/out/vs/workbench/api/node/extensionHostProcess.js:32:7226)
	at D.B (file:///app/code-server/lib/vscode/out/vs/workbench/api/node/extensionHostProcess.js:30:746)
	at D.fire (file:///app/code-server/lib/vscode/out/vs/workbench/api/node/extensionHostProcess.js:30:964)
	at wA.z (file:///app/code-server/lib/vscode/out/vs/workbench/api/node/extensionHostProcess.js:32:21924) setContext undefined
2025-02-18 09:07:17.338 [error] Canceled: Canceled
	at Fc (file:///app/code-server/lib/vscode/out/vs/workbench/api/node/extensionHostProcess.js:7:1122)
	at file:///app/code-server/lib/vscode/out/vs/workbench/api/node/extensionHostProcess.js:32:116109
	at Array.forEach (<anonymous>)
	at Py.dispose (file:///app/code-server/lib/vscode/out/vs/workbench/api/node/extensionHostProcess.js:32:116049)
	at Vz.terminate (file:///app/code-server/lib/vscode/out/vs/workbench/api/node/extensionHostProcess.js:119:10082)
	at Q3.terminate (file:///app/code-server/lib/vscode/out/vs/workbench/api/node/extensionHostProcess.js:120:1424)
	at Ki (file:///app/code-server/lib/vscode/out/vs/workbench/api/node/extensionHostProcess.js:175:15081)
	at kh.value (file:///app/code-server/lib/vscode/out/vs/workbench/api/node/extensionHostProcess.js:175:13241)
	at D.B (file:///app/code-server/lib/vscode/out/vs/workbench/api/node/extensionHostProcess.js:30:746)
	at D.fire (file:///app/code-server/lib/vscode/out/vs/workbench/api/node/extensionHostProcess.js:30:964)
	at Vn.fire (file:///app/code-server/lib/vscode/out/vs/workbench/api/node/extensionHostProcess.js:32:9457)
	at Wm.A (file:///app/code-server/lib/vscode/out/vs/workbench/api/node/extensionHostProcess.js:32:12573)
	at kh.value (file:///app/code-server/lib/vscode/out/vs/workbench/api/node/extensionHostProcess.js:32:10993)
	at D.B (file:///app/code-server/lib/vscode/out/vs/workbench/api/node/extensionHostProcess.js:30:746)
	at D.fire (file:///app/code-server/lib/vscode/out/vs/workbench/api/node/extensionHostProcess.js:30:964)
	at s6.acceptChunk (file:///app/code-server/lib/vscode/out/vs/workbench/api/node/extensionHostProcess.js:32:7940)
	at kh.value (file:///app/code-server/lib/vscode/out/vs/workbench/api/node/extensionHostProcess.js:32:7226)
	at D.B (file:///app/code-server/lib/vscode/out/vs/workbench/api/node/extensionHostProcess.js:30:746)
	at D.fire (file:///app/code-server/lib/vscode/out/vs/workbench/api/node/extensionHostProcess.js:30:964)
	at wA.z (file:///app/code-server/lib/vscode/out/vs/workbench/api/node/extensionHostProcess.js:32:21924) setContext undefined
2025-02-18 09:07:17.338 [error] Canceled: Canceled
	at Fc (file:///app/code-server/lib/vscode/out/vs/workbench/api/node/extensionHostProcess.js:7:1122)
	at file:///app/code-server/lib/vscode/out/vs/workbench/api/node/extensionHostProcess.js:32:116109
	at Array.forEach (<anonymous>)
	at Py.dispose (file:///app/code-server/lib/vscode/out/vs/workbench/api/node/extensionHostProcess.js:32:116049)
	at Vz.terminate (file:///app/code-server/lib/vscode/out/vs/workbench/api/node/extensionHostProcess.js:119:10082)
	at Q3.terminate (file:///app/code-server/lib/vscode/out/vs/workbench/api/node/extensionHostProcess.js:120:1424)
	at Ki (file:///app/code-server/lib/vscode/out/vs/workbench/api/node/extensionHostProcess.js:175:15081)
	at kh.value (file:///app/code-server/lib/vscode/out/vs/workbench/api/node/extensionHostProcess.js:175:13241)
	at D.B (file:///app/code-server/lib/vscode/out/vs/workbench/api/node/extensionHostProcess.js:30:746)
	at D.fire (file:///app/code-server/lib/vscode/out/vs/workbench/api/node/extensionHostProcess.js:30:964)
	at Vn.fire (file:///app/code-server/lib/vscode/out/vs/workbench/api/node/extensionHostProcess.js:32:9457)
	at Wm.A (file:///app/code-server/lib/vscode/out/vs/workbench/api/node/extensionHostProcess.js:32:12573)
	at kh.value (file:///app/code-server/lib/vscode/out/vs/workbench/api/node/extensionHostProcess.js:32:10993)
	at D.B (file:///app/code-server/lib/vscode/out/vs/workbench/api/node/extensionHostProcess.js:30:746)
	at D.fire (file:///app/code-server/lib/vscode/out/vs/workbench/api/node/extensionHostProcess.js:30:964)
	at s6.acceptChunk (file:///app/code-server/lib/vscode/out/vs/workbench/api/node/extensionHostProcess.js:32:7940)
	at kh.value (file:///app/code-server/lib/vscode/out/vs/workbench/api/node/extensionHostProcess.js:32:7226)
	at D.B (file:///app/code-server/lib/vscode/out/vs/workbench/api/node/extensionHostProcess.js:30:746)
	at D.fire (file:///app/code-server/lib/vscode/out/vs/workbench/api/node/extensionHostProcess.js:30:964)
	at wA.z (file:///app/code-server/lib/vscode/out/vs/workbench/api/node/extensionHostProcess.js:32:21924) setContext undefined
2025-02-18 09:07:17.338 [error] Canceled: Canceled
	at Fc (file:///app/code-server/lib/vscode/out/vs/workbench/api/node/extensionHostProcess.js:7:1122)
	at file:///app/code-server/lib/vscode/out/vs/workbench/api/node/extensionHostProcess.js:32:116109
	at Array.forEach (<anonymous>)
	at Py.dispose (file:///app/code-server/lib/vscode/out/vs/workbench/api/node/extensionHostProcess.js:32:116049)
	at Vz.terminate (file:///app/code-server/lib/vscode/out/vs/workbench/api/node/extensionHostProcess.js:119:10082)
	at Q3.terminate (file:///app/code-server/lib/vscode/out/vs/workbench/api/node/extensionHostProcess.js:120:1424)
	at Ki (file:///app/code-server/lib/vscode/out/vs/workbench/api/node/extensionHostProcess.js:175:15081)
	at kh.value (file:///app/code-server/lib/vscode/out/vs/workbench/api/node/extensionHostProcess.js:175:13241)
	at D.B (file:///app/code-server/lib/vscode/out/vs/workbench/api/node/extensionHostProcess.js:30:746)
	at D.fire (file:///app/code-server/lib/vscode/out/vs/workbench/api/node/extensionHostProcess.js:30:964)
	at Vn.fire (file:///app/code-server/lib/vscode/out/vs/workbench/api/node/extensionHostProcess.js:32:9457)
	at Wm.A (file:///app/code-server/lib/vscode/out/vs/workbench/api/node/extensionHostProcess.js:32:12573)
	at kh.value (file:///app/code-server/lib/vscode/out/vs/workbench/api/node/extensionHostProcess.js:32:10993)
	at D.B (file:///app/code-server/lib/vscode/out/vs/workbench/api/node/extensionHostProcess.js:30:746)
	at D.fire (file:///app/code-server/lib/vscode/out/vs/workbench/api/node/extensionHostProcess.js:30:964)
	at s6.acceptChunk (file:///app/code-server/lib/vscode/out/vs/workbench/api/node/extensionHostProcess.js:32:7940)
	at kh.value (file:///app/code-server/lib/vscode/out/vs/workbench/api/node/extensionHostProcess.js:32:7226)
	at D.B (file:///app/code-server/lib/vscode/out/vs/workbench/api/node/extensionHostProcess.js:30:746)
	at D.fire (file:///app/code-server/lib/vscode/out/vs/workbench/api/node/extensionHostProcess.js:30:964)
	at wA.z (file:///app/code-server/lib/vscode/out/vs/workbench/api/node/extensionHostProcess.js:32:21924) setContext undefined
2025-02-18 09:07:17.338 [error] Canceled: Canceled
	at Fc (file:///app/code-server/lib/vscode/out/vs/workbench/api/node/extensionHostProcess.js:7:1122)
	at file:///app/code-server/lib/vscode/out/vs/workbench/api/node/extensionHostProcess.js:32:116109
	at Array.forEach (<anonymous>)
	at Py.dispose (file:///app/code-server/lib/vscode/out/vs/workbench/api/node/extensionHostProcess.js:32:116049)
	at Vz.terminate (file:///app/code-server/lib/vscode/out/vs/workbench/api/node/extensionHostProcess.js:119:10082)
	at Q3.terminate (file:///app/code-server/lib/vscode/out/vs/workbench/api/node/extensionHostProcess.js:120:1424)
	at Ki (file:///app/code-server/lib/vscode/out/vs/workbench/api/node/extensionHostProcess.js:175:15081)
	at kh.value (file:///app/code-server/lib/vscode/out/vs/workbench/api/node/extensionHostProcess.js:175:13241)
	at D.B (file:///app/code-server/lib/vscode/out/vs/workbench/api/node/extensionHostProcess.js:30:746)
	at D.fire (file:///app/code-server/lib/vscode/out/vs/workbench/api/node/extensionHostProcess.js:30:964)
	at Vn.fire (file:///app/code-server/lib/vscode/out/vs/workbench/api/node/extensionHostProcess.js:32:9457)
	at Wm.A (file:///app/code-server/lib/vscode/out/vs/workbench/api/node/extensionHostProcess.js:32:12573)
	at kh.value (file:///app/code-server/lib/vscode/out/vs/workbench/api/node/extensionHostProcess.js:32:10993)
	at D.B (file:///app/code-server/lib/vscode/out/vs/workbench/api/node/extensionHostProcess.js:30:746)
	at D.fire (file:///app/code-server/lib/vscode/out/vs/workbench/api/node/extensionHostProcess.js:30:964)
	at s6.acceptChunk (file:///app/code-server/lib/vscode/out/vs/workbench/api/node/extensionHostProcess.js:32:7940)
	at kh.value (file:///app/code-server/lib/vscode/out/vs/workbench/api/node/extensionHostProcess.js:32:7226)
	at D.B (file:///app/code-server/lib/vscode/out/vs/workbench/api/node/extensionHostProcess.js:30:746)
	at D.fire (file:///app/code-server/lib/vscode/out/vs/workbench/api/node/extensionHostProcess.js:30:964)
	at wA.z (file:///app/code-server/lib/vscode/out/vs/workbench/api/node/extensionHostProcess.js:32:21924) setContext undefined
2025-02-18 09:07:17.338 [error] Canceled: Canceled
	at Fc (file:///app/code-server/lib/vscode/out/vs/workbench/api/node/extensionHostProcess.js:7:1122)
	at file:///app/code-server/lib/vscode/out/vs/workbench/api/node/extensionHostProcess.js:32:116109
	at Array.forEach (<anonymous>)
	at Py.dispose (file:///app/code-server/lib/vscode/out/vs/workbench/api/node/extensionHostProcess.js:32:116049)
	at Vz.terminate (file:///app/code-server/lib/vscode/out/vs/workbench/api/node/extensionHostProcess.js:119:10082)
	at Q3.terminate (file:///app/code-server/lib/vscode/out/vs/workbench/api/node/extensionHostProcess.js:120:1424)
	at Ki (file:///app/code-server/lib/vscode/out/vs/workbench/api/node/extensionHostProcess.js:175:15081)
	at kh.value (file:///app/code-server/lib/vscode/out/vs/workbench/api/node/extensionHostProcess.js:175:13241)
	at D.B (file:///app/code-server/lib/vscode/out/vs/workbench/api/node/extensionHostProcess.js:30:746)
	at D.fire (file:///app/code-server/lib/vscode/out/vs/workbench/api/node/extensionHostProcess.js:30:964)
	at Vn.fire (file:///app/code-server/lib/vscode/out/vs/workbench/api/node/extensionHostProcess.js:32:9457)
	at Wm.A (file:///app/code-server/lib/vscode/out/vs/workbench/api/node/extensionHostProcess.js:32:12573)
	at kh.value (file:///app/code-server/lib/vscode/out/vs/workbench/api/node/extensionHostProcess.js:32:10993)
	at D.B (file:///app/code-server/lib/vscode/out/vs/workbench/api/node/extensionHostProcess.js:30:746)
	at D.fire (file:///app/code-server/lib/vscode/out/vs/workbench/api/node/extensionHostProcess.js:30:964)
	at s6.acceptChunk (file:///app/code-server/lib/vscode/out/vs/workbench/api/node/extensionHostProcess.js:32:7940)
	at kh.value (file:///app/code-server/lib/vscode/out/vs/workbench/api/node/extensionHostProcess.js:32:7226)
	at D.B (file:///app/code-server/lib/vscode/out/vs/workbench/api/node/extensionHostProcess.js:30:746)
	at D.fire (file:///app/code-server/lib/vscode/out/vs/workbench/api/node/extensionHostProcess.js:30:964)
	at wA.z (file:///app/code-server/lib/vscode/out/vs/workbench/api/node/extensionHostProcess.js:32:21924) setContext undefined
2025-02-18 09:07:17.339 [error] Canceled: Canceled
	at Fc (file:///app/code-server/lib/vscode/out/vs/workbench/api/node/extensionHostProcess.js:7:1122)
	at file:///app/code-server/lib/vscode/out/vs/workbench/api/node/extensionHostProcess.js:32:116109
	at Array.forEach (<anonymous>)
	at Py.dispose (file:///app/code-server/lib/vscode/out/vs/workbench/api/node/extensionHostProcess.js:32:116049)
	at Vz.terminate (file:///app/code-server/lib/vscode/out/vs/workbench/api/node/extensionHostProcess.js:119:10082)
	at Q3.terminate (file:///app/code-server/lib/vscode/out/vs/workbench/api/node/extensionHostProcess.js:120:1424)
	at Ki (file:///app/code-server/lib/vscode/out/vs/workbench/api/node/extensionHostProcess.js:175:15081)
	at kh.value (file:///app/code-server/lib/vscode/out/vs/workbench/api/node/extensionHostProcess.js:175:13241)
	at D.B (file:///app/code-server/lib/vscode/out/vs/workbench/api/node/extensionHostProcess.js:30:746)
	at D.fire (file:///app/code-server/lib/vscode/out/vs/workbench/api/node/extensionHostProcess.js:30:964)
	at Vn.fire (file:///app/code-server/lib/vscode/out/vs/workbench/api/node/extensionHostProcess.js:32:9457)
	at Wm.A (file:///app/code-server/lib/vscode/out/vs/workbench/api/node/extensionHostProcess.js:32:12573)
	at kh.value (file:///app/code-server/lib/vscode/out/vs/workbench/api/node/extensionHostProcess.js:32:10993)
	at D.B (file:///app/code-server/lib/vscode/out/vs/workbench/api/node/extensionHostProcess.js:30:746)
	at D.fire (file:///app/code-server/lib/vscode/out/vs/workbench/api/node/extensionHostProcess.js:30:964)
	at s6.acceptChunk (file:///app/code-server/lib/vscode/out/vs/workbench/api/node/extensionHostProcess.js:32:7940)
	at kh.value (file:///app/code-server/lib/vscode/out/vs/workbench/api/node/extensionHostProcess.js:32:7226)
	at D.B (file:///app/code-server/lib/vscode/out/vs/workbench/api/node/extensionHostProcess.js:30:746)
	at D.fire (file:///app/code-server/lib/vscode/out/vs/workbench/api/node/extensionHostProcess.js:30:964)
	at wA.z (file:///app/code-server/lib/vscode/out/vs/workbench/api/node/extensionHostProcess.js:32:21924) setContext undefined
2025-02-18 09:07:17.339 [info] Extension host with pid 689 exiting with code 0
